2025-03-17 12:15:49.713 -06:00 [INF] Executed DbCommand (1,379ms) [Parameters=[], CommandType='"Text"', CommandTimeout='60']
CREATE DATABASE [CustomerServiceDb];
2025-03-17 12:15:50.924 -06:00 [INF] Executed DbCommand (1,129ms) [Parameters=[], CommandType='"Text"', CommandTimeout='60']
IF SERVERPROPERTY('EngineEdition') <> 5
BEGIN
    ALTER DATABASE [CustomerServiceDb] SET READ_COMMITTED_SNAPSHOT ON;
END;
2025-03-17 12:15:51.028 -06:00 [INF] Executed DbCommand (29ms) [Parameters=[], CommandType='"Text"', CommandTimeout='30']
SELECT 1
2025-03-17 12:15:51.036 -06:00 [INF] Acquiring an exclusive lock for migration application. See https://aka.ms/efcore-docs-migrations-lock for more information if this takes too long.
2025-03-17 12:15:51.143 -06:00 [INF] Executed DbCommand (103ms) [Parameters=[], CommandType='"Text"', CommandTimeout='30']
DECLARE @result int;
EXEC @result = sp_getapplock @Resource = '__EFMigrationsLock', @LockOwner = 'Session', @LockMode = 'Exclusive';
SELECT @result
2025-03-17 12:15:51.278 -06:00 [INF] Executed DbCommand (23ms) [Parameters=[], CommandType='"Text"', CommandTimeout='30']
IF OBJECT_ID(N'[__EFMigrationsHistory]') IS NULL
BEGIN
    CREATE TABLE [__EFMigrationsHistory] (
        [MigrationId] nvarchar(150) NOT NULL,
        [ProductVersion] nvarchar(32) NOT NULL,
        CONSTRAINT [PK___EFMigrationsHistory] PRIMARY KEY ([MigrationId])
    );
END;
2025-03-17 12:15:51.305 -06:00 [INF] Executed DbCommand (3ms) [Parameters=[], CommandType='"Text"', CommandTimeout='30']
SELECT 1
2025-03-17 12:15:51.310 -06:00 [INF] Executed DbCommand (3ms) [Parameters=[], CommandType='"Text"', CommandTimeout='30']
SELECT OBJECT_ID(N'[__EFMigrationsHistory]');
2025-03-17 12:15:51.403 -06:00 [INF] Executed DbCommand (89ms) [Parameters=[], CommandType='"Text"', CommandTimeout='30']
SELECT [MigrationId], [ProductVersion]
FROM [__EFMigrationsHistory]
ORDER BY [MigrationId];
2025-03-17 12:15:51.426 -06:00 [INF] Applying migration '20250317181516_InitialCreate'.
2025-03-17 12:15:51.495 -06:00 [INF] Executed DbCommand (18ms) [Parameters=[], CommandType='"Text"', CommandTimeout='30']
CREATE TABLE [Customers] (
    [Id] int NOT NULL IDENTITY,
    [FirstName] nvarchar(max) NOT NULL,
    [LastName] nvarchar(max) NOT NULL,
    [Email] nvarchar(max) NOT NULL,
    CONSTRAINT [PK_Customers] PRIMARY KEY ([Id])
);
2025-03-17 12:15:51.787 -06:00 [INF] Executed DbCommand (292ms) [Parameters=[], CommandType='"Text"', CommandTimeout='30']
IF EXISTS (SELECT * FROM [sys].[identity_columns] WHERE [name] IN (N'Id', N'Email', N'FirstName', N'LastName') AND [object_id] = OBJECT_ID(N'[Customers]'))
    SET IDENTITY_INSERT [Customers] ON;
INSERT INTO [Customers] ([Id], [Email], [FirstName], [LastName])
VALUES (1, N'john.doe@example.com', N'John', N'Doe'),
(2, N'jane.smith@example.com', N'Jane', N'Smith');
IF EXISTS (SELECT * FROM [sys].[identity_columns] WHERE [name] IN (N'Id', N'Email', N'FirstName', N'LastName') AND [object_id] = OBJECT_ID(N'[Customers]'))
    SET IDENTITY_INSERT [Customers] OFF;
2025-03-17 12:15:51.795 -06:00 [INF] Executed DbCommand (7ms) [Parameters=[], CommandType='"Text"', CommandTimeout='30']
INSERT INTO [__EFMigrationsHistory] ([MigrationId], [ProductVersion])
VALUES (N'20250317181516_InitialCreate', N'9.0.3');
2025-03-17 12:15:51.818 -06:00 [INF] Executed DbCommand (11ms) [Parameters=[], CommandType='"Text"', CommandTimeout='30']
DECLARE @result int;
EXEC @result = sp_releaseapplock @Resource = '__EFMigrationsLock', @LockOwner = 'Session';
SELECT @result
2025-03-17 12:51:41.702 -06:00 [INF] Executed DbCommand (38ms) [Parameters=[], CommandType='"Text"', CommandTimeout='30']
SELECT 1
2025-03-17 12:51:41.806 -06:00 [INF] Executed DbCommand (4ms) [Parameters=[], CommandType='"Text"', CommandTimeout='30']
SELECT 1
2025-03-17 12:51:41.833 -06:00 [INF] Executed DbCommand (21ms) [Parameters=[], CommandType='"Text"', CommandTimeout='30']
SELECT OBJECT_ID(N'[__EFMigrationsHistory]');
2025-03-17 12:51:41.878 -06:00 [INF] Executed DbCommand (15ms) [Parameters=[], CommandType='"Text"', CommandTimeout='30']
SELECT [MigrationId], [ProductVersion]
FROM [__EFMigrationsHistory]
ORDER BY [MigrationId];
2025-03-17 12:51:41.950 -06:00 [INF] User profile is available. Using 'C:\Users\rafael.raygoza\AppData\Local\ASP.NET\DataProtection-Keys' as key repository and Windows DPAPI to encrypt keys at rest.
2025-03-17 12:51:42.417 -06:00 [INF] Request starting HTTP/2 GET https://localhost:44354/swagger - null null
2025-03-17 12:51:42.864 -06:00 [INF] Application started. Press Ctrl+C to shut down.
2025-03-17 12:51:42.865 -06:00 [INF] Hosting environment: Development
2025-03-17 12:51:42.865 -06:00 [INF] Content root path: C:\Users\rafael.raygoza\source\repos\OrderManagementSystem\CustomerService
2025-03-17 12:51:43.427 -06:00 [INF] Request starting HTTP/2 GET https://localhost:44354/swagger/index.html - null null
2025-03-17 12:51:43.454 -06:00 [INF] Request finished HTTP/2 GET https://localhost:44354/swagger - 301 null null 1054.0313ms
2025-03-17 12:51:43.628 -06:00 [INF] Request starting HTTP/2 GET https://localhost:44354/swagger/swagger-ui-standalone-preset.js - null null
2025-03-17 12:51:43.636 -06:00 [INF] Request finished HTTP/2 GET https://localhost:44354/swagger/index.html - 200 null text/html;charset=utf-8 197.6306ms
2025-03-17 12:51:43.644 -06:00 [INF] Request starting HTTP/2 GET https://localhost:44354/_vs/browserLink - null null
2025-03-17 12:51:43.663 -06:00 [INF] Request starting HTTP/2 GET https://localhost:44354/swagger/swagger-ui.css - null null
2025-03-17 12:51:43.670 -06:00 [INF] Request starting HTTP/2 GET https://localhost:44354/swagger/swagger-ui-bundle.js - null null
2025-03-17 12:51:43.690 -06:00 [INF] Request starting HTTP/2 GET https://localhost:44354/_framework/aspnetcore-browser-refresh.js - null null
2025-03-17 12:51:43.715 -06:00 [INF] Request finished HTTP/2 GET https://localhost:44354/_framework/aspnetcore-browser-refresh.js - 200 13766 application/javascript; charset=utf-8 23.1134ms
2025-03-17 12:51:43.765 -06:00 [INF] Sending file. Request path: '/swagger-ui.css'. Physical path: 'N/A'
2025-03-17 12:51:43.765 -06:00 [INF] Sending file. Request path: '/swagger-ui-standalone-preset.js'. Physical path: 'N/A'
2025-03-17 12:51:43.768 -06:00 [INF] Request finished HTTP/2 GET https://localhost:44354/swagger/swagger-ui.css - 200 152034 text/css 110.4774ms
2025-03-17 12:51:43.773 -06:00 [INF] Request finished HTTP/2 GET https://localhost:44354/swagger/swagger-ui-standalone-preset.js - 200 230280 text/javascript 148.5864ms
2025-03-17 12:51:43.783 -06:00 [INF] Sending file. Request path: '/swagger-ui-bundle.js'. Physical path: 'N/A'
2025-03-17 12:51:43.833 -06:00 [INF] Request finished HTTP/2 GET https://localhost:44354/swagger/swagger-ui-bundle.js - 200 1456926 text/javascript 163.2086ms
2025-03-17 12:51:45.792 -06:00 [INF] Request finished HTTP/2 GET https://localhost:44354/_vs/browserLink - 404 null null 2148.547ms
2025-03-17 12:51:45.868 -06:00 [INF] Request starting HTTP/2 GET https://localhost:44354/swagger/v1/swagger.json - null null
2025-03-17 12:51:45.877 -06:00 [INF] Request starting HTTP/2 GET https://localhost:44354/swagger/favicon-32x32.png - null null
2025-03-17 12:51:45.879 -06:00 [INF] Sending file. Request path: '/favicon-32x32.png'. Physical path: 'N/A'
2025-03-17 12:51:45.879 -06:00 [INF] Request finished HTTP/2 GET https://localhost:44354/swagger/favicon-32x32.png - 200 628 image/png 2.7092ms
2025-03-17 12:51:45.885 -06:00 [INF] Request finished HTTP/2 GET https://localhost:44354/swagger/v1/swagger.json - 200 null application/json;charset=utf-8 16.5925ms
2025-03-17 12:52:09.947 -06:00 [INF] Request starting HTTP/1.1 GET https://localhost:44354/api/customer/1 - null null
2025-03-17 12:52:10.330 -06:00 [INF] Executing endpoint 'CustomerService.Controllers.CustomerController.GetCustomerAsync (CustomerService)'
2025-03-17 12:52:10.388 -06:00 [INF] Route matched with {action = "GetCustomer", controller = "Customer"}. Executing controller action with signature System.Threading.Tasks.Task`1[Microsoft.AspNetCore.Mvc.IActionResult] GetCustomerAsync(Int32) on controller CustomerService.Controllers.CustomerController (CustomerService).
2025-03-17 12:52:10.436 -06:00 [INF] Fetching customer with ID: 1
2025-03-17 12:52:10.439 -06:00 [INF] Fetching customer with ID: 1
2025-03-17 12:52:11.412 -06:00 [INF] Executed DbCommand (119ms) [Parameters=[@__p_0='?' (DbType = Int32)], CommandType='"Text"', CommandTimeout='30']
SELECT TOP(1) [c].[Id], [c].[Email], [c].[FirstName], [c].[LastName]
FROM [Customers] AS [c]
WHERE [c].[Id] = @__p_0
2025-03-17 12:52:11.531 -06:00 [INF] Executing OkObjectResult, writing value of type 'Shared.Models.Customer'.
2025-03-17 12:52:11.553 -06:00 [INF] Executed action CustomerService.Controllers.CustomerController.GetCustomerAsync (CustomerService) in 1158.8839ms
2025-03-17 12:52:11.555 -06:00 [INF] Executed endpoint 'CustomerService.Controllers.CustomerController.GetCustomerAsync (CustomerService)'
2025-03-17 12:52:11.568 -06:00 [INF] Request finished HTTP/1.1 GET https://localhost:44354/api/customer/1 - 200 null application/json; charset=utf-8 1620.8585ms
2025-03-17 19:44:01.470 -06:00 [INF] Executed DbCommand (48ms) [Parameters=[], CommandType='"Text"', CommandTimeout='30']
SELECT 1
2025-03-17 19:44:01.629 -06:00 [INF] Executed DbCommand (6ms) [Parameters=[], CommandType='"Text"', CommandTimeout='30']
SELECT 1
2025-03-17 19:44:01.668 -06:00 [INF] Executed DbCommand (30ms) [Parameters=[], CommandType='"Text"', CommandTimeout='30']
SELECT OBJECT_ID(N'[__EFMigrationsHistory]');
2025-03-17 19:44:01.754 -06:00 [INF] Executed DbCommand (44ms) [Parameters=[], CommandType='"Text"', CommandTimeout='30']
SELECT [MigrationId], [ProductVersion]
FROM [__EFMigrationsHistory]
ORDER BY [MigrationId];
2025-03-17 19:44:01.830 -06:00 [INF] User profile is available. Using 'C:\Users\rafael.raygoza\AppData\Local\ASP.NET\DataProtection-Keys' as key repository and Windows DPAPI to encrypt keys at rest.
2025-03-17 19:44:02.458 -06:00 [INF] Request starting HTTP/2 GET https://localhost:44354/swagger/index.html - null null
2025-03-17 19:44:02.726 -06:00 [INF] Application started. Press Ctrl+C to shut down.
2025-03-17 19:44:02.727 -06:00 [INF] Hosting environment: Development
2025-03-17 19:44:02.728 -06:00 [INF] Content root path: C:\Users\rafael.raygoza\source\repos\OrderManagementSystem\CustomerService
2025-03-17 19:44:03.126 -06:00 [INF] Request finished HTTP/2 GET https://localhost:44354/swagger/index.html - 200 null text/html;charset=utf-8 671.1292ms
2025-03-17 19:44:03.309 -06:00 [INF] Request starting HTTP/2 GET https://localhost:44354/_framework/aspnetcore-browser-refresh.js - null null
2025-03-17 19:44:03.320 -06:00 [INF] Request finished HTTP/2 GET https://localhost:44354/_framework/aspnetcore-browser-refresh.js - 200 13766 application/javascript; charset=utf-8 6.6271ms
2025-03-17 19:44:03.974 -06:00 [INF] Request starting HTTP/2 GET https://localhost:44354/_vs/browserLink - null null
2025-03-17 19:44:06.056 -06:00 [INF] Request finished HTTP/2 GET https://localhost:44354/_vs/browserLink - 404 null null 2081.8184ms
2025-03-17 19:44:06.653 -06:00 [INF] Request starting HTTP/2 GET https://localhost:44354/swagger/v1/swagger.json - null null
2025-03-17 19:44:06.673 -06:00 [INF] Request finished HTTP/2 GET https://localhost:44354/swagger/v1/swagger.json - 200 null application/json;charset=utf-8 19.563ms
