2025-03-17 13:15:21.974 -06:00 [INF] Executed DbCommand (130ms) [Parameters=[], CommandType='"Text"', CommandTimeout='30']
SELECT 1
2025-03-17 13:15:22.158 -06:00 [INF] Executed DbCommand (5ms) [Parameters=[], CommandType='"Text"', CommandTimeout='30']
SELECT 1
2025-03-17 13:15:22.197 -06:00 [INF] Executed DbCommand (31ms) [Parameters=[], CommandType='"Text"', CommandTimeout='30']
SELECT OBJECT_ID(N'[__EFMigrationsHistory]');
2025-03-17 13:15:22.365 -06:00 [INF] Executed DbCommand (51ms) [Parameters=[], CommandType='"Text"', CommandTimeout='30']
SELECT [MigrationId], [ProductVersion]
FROM [__EFMigrationsHistory]
ORDER BY [MigrationId];
2025-03-17 13:15:22.585 -06:00 [INF] User profile is available. Using 'C:\Users\rafael.raygoza\AppData\Local\ASP.NET\DataProtection-Keys' as key repository and Windows DPAPI to encrypt keys at rest.
2025-03-17 13:15:23.645 -06:00 [INF] Request starting HTTP/2 GET https://localhost:44353/swagger/index.html - null null
2025-03-17 13:15:23.981 -06:00 [INF] Application started. Press Ctrl+C to shut down.
2025-03-17 13:15:23.982 -06:00 [INF] Hosting environment: Development
2025-03-17 13:15:23.983 -06:00 [INF] Content root path: C:\Users\rafael.raygoza\source\repos\OrderManagementSystem\OrderService
2025-03-17 13:15:24.538 -06:00 [INF] Request starting HTTP/2 GET https://localhost:44353/_framework/aspnetcore-browser-refresh.js - null null
2025-03-17 13:15:24.539 -06:00 [INF] Request starting HTTP/2 GET https://localhost:44353/_vs/browserLink - null null
2025-03-17 13:15:24.540 -06:00 [INF] Request finished HTTP/2 GET https://localhost:44353/swagger/index.html - 200 null text/html;charset=utf-8 944.3006ms
2025-03-17 13:15:24.577 -06:00 [INF] Request finished HTTP/2 GET https://localhost:44353/_framework/aspnetcore-browser-refresh.js - 200 13760 application/javascript; charset=utf-8 16.4447ms
2025-03-17 13:15:26.672 -06:00 [INF] Request finished HTTP/2 GET https://localhost:44353/_vs/browserLink - 404 null null 2133.0084ms
2025-03-17 13:15:26.742 -06:00 [INF] Request starting HTTP/2 GET https://localhost:44353/swagger/v1/swagger.json - null null
2025-03-17 13:15:26.760 -06:00 [INF] Request finished HTTP/2 GET https://localhost:44353/swagger/v1/swagger.json - 200 null application/json;charset=utf-8 18.1279ms
2025-03-17 13:15:29.950 -06:00 [INF] Request starting HTTP/1.1 POST https://localhost:44353/api/Orders - application/json 60
2025-03-17 13:15:30.520 -06:00 [INF] Executing endpoint 'OrderService.Controllers.OrdersController.CreateOrderAsync (OrderService)'
2025-03-17 13:15:30.615 -06:00 [INF] Route matched with {action = "CreateOrder", controller = "Orders"}. Executing controller action with signature System.Threading.Tasks.Task`1[Microsoft.AspNetCore.Mvc.IActionResult] CreateOrderAsync(Shared.DTOs.CreateOrderDto) on controller OrderService.Controllers.OrdersController (OrderService).
2025-03-17 13:15:36.747 -06:00 [ERR] Error creating RabbitMQ connection
RabbitMQ.Client.Exceptions.BrokerUnreachableException: None of the specified endpoints were reachable
 ---> System.AggregateException: One or more errors occurred. (Connection failed)
 ---> RabbitMQ.Client.Exceptions.ConnectFailureException: Connection failed
 ---> System.Net.Sockets.SocketException (11001): No such host is known.
   at System.Net.NameResolutionPal.ProcessResult(SocketError errorCode, GetAddrInfoExContext* context)
   at System.Net.NameResolutionPal.GetAddressInfoExCallback(Int32 error, Int32 bytes, NativeOverlapped* overlapped)
--- End of stack trace from previous location ---
   at System.Net.Dns.<GetAddrInfoWithTelemetryAsync>g__CompleteAsync|34_0[T](Task task, String hostName, Int64 startingTimestamp)
   at RabbitMQ.Client.TcpClientAdapter.ConnectAsync(String host, Int32 port)
   at RabbitMQ.Client.Impl.TaskExtensions.TimeoutAfter(Task task, TimeSpan timeout)
   at RabbitMQ.Client.Impl.SocketFrameHandler.ConnectOrFail(ITcpClient socket, AmqpTcpEndpoint endpoint, TimeSpan timeout)
   --- End of inner exception stack trace ---
   at RabbitMQ.Client.Impl.SocketFrameHandler.ConnectOrFail(ITcpClient socket, AmqpTcpEndpoint endpoint, TimeSpan timeout)
   at RabbitMQ.Client.Impl.SocketFrameHandler.ConnectUsingAddressFamily(AmqpTcpEndpoint endpoint, Func`2 socketFactory, TimeSpan timeout, AddressFamily family)
   at RabbitMQ.Client.Impl.SocketFrameHandler.ConnectUsingIPv4(AmqpTcpEndpoint endpoint, Func`2 socketFactory, TimeSpan timeout)
   at RabbitMQ.Client.Impl.SocketFrameHandler..ctor(AmqpTcpEndpoint endpoint, Func`2 socketFactory, TimeSpan connectionTimeout, TimeSpan readTimeout, TimeSpan writeTimeout)
   at RabbitMQ.Client.Framing.Impl.IProtocolExtensions.CreateFrameHandler(IProtocol protocol, AmqpTcpEndpoint endpoint, ArrayPool`1 pool, Func`2 socketFactory, TimeSpan connectionTimeout, TimeSpan readTimeout, TimeSpan writeTimeout)
   at RabbitMQ.Client.ConnectionFactory.CreateFrameHandler(AmqpTcpEndpoint endpoint)
   at RabbitMQ.Client.EndpointResolverExtensions.SelectOne[T](IEndpointResolver resolver, Func`2 selector)
   --- End of inner exception stack trace ---
   at RabbitMQ.Client.EndpointResolverExtensions.SelectOne[T](IEndpointResolver resolver, Func`2 selector)
   at RabbitMQ.Client.Framing.Impl.AutorecoveringConnection.Init(IEndpointResolver endpoints)
   at RabbitMQ.Client.ConnectionFactory.CreateConnection(IEndpointResolver endpointResolver, String clientProvidedName)
   --- End of inner exception stack trace ---
   at RabbitMQ.Client.ConnectionFactory.CreateConnection(IEndpointResolver endpointResolver, String clientProvidedName)
   at RabbitMQ.Client.ConnectionFactory.CreateConnection(String clientProvidedName)
   at RabbitMQ.Client.ConnectionFactory.CreateConnection()
   at OrderService.Messaging.RabbitMQProducer..ctor(IConfiguration configuration, ILogger`1 logger) in C:\Users\rafael.raygoza\source\repos\OrderManagementSystem\OrderService\Messaging\RabbitMQProducer.cs:line 21
2025-03-17 13:15:36.854 -06:00 [INF] Creating order for customer 1, product 1 and for this quantity 2
2025-03-17 13:16:39.517 -06:00 [ERR] Error publishing message to RabbitMQ
System.NullReferenceException: Object reference not set to an instance of an object.
   at OrderService.Messaging.RabbitMQProducer.PublishMessage[T](String queueName, String message) in C:\Users\rafael.raygoza\source\repos\OrderManagementSystem\OrderService\Messaging\RabbitMQProducer.cs:line 38
2025-03-17 13:16:41.359 -06:00 [INF] Executed action OrderService.Controllers.OrdersController.CreateOrderAsync (OrderService) in 70734.9071ms
2025-03-17 13:16:41.368 -06:00 [INF] Executed endpoint 'OrderService.Controllers.OrdersController.CreateOrderAsync (OrderService)'
2025-03-17 13:16:41.389 -06:00 [ERR] An unhandled exception has occurred while executing the request.
System.NullReferenceException: Object reference not set to an instance of an object.
   at OrderService.Messaging.RabbitMQProducer.PublishMessage[T](String queueName, String message) in C:\Users\rafael.raygoza\source\repos\OrderManagementSystem\OrderService\Messaging\RabbitMQProducer.cs:line 38
   at OrderService.Controllers.OrdersController.CreateOrderAsync(CreateOrderDto orderDto) in C:\Users\rafael.raygoza\source\repos\OrderManagementSystem\OrderService\Controllers\OrdersController.cs:line 64
   at Microsoft.AspNetCore.Mvc.Infrastructure.ActionMethodExecutor.TaskOfIActionResultExecutor.Execute(ActionContext actionContext, IActionResultTypeMapper mapper, ObjectMethodExecutor executor, Object controller, Object[] arguments)
   at Microsoft.AspNetCore.Mvc.Infrastructure.ControllerActionInvoker.<InvokeActionMethodAsync>g__Awaited|12_0(ControllerActionInvoker invoker, ValueTask`1 actionResultValueTask)
   at Microsoft.AspNetCore.Mvc.Infrastructure.ControllerActionInvoker.<InvokeNextActionFilterAsync>g__Awaited|10_0(ControllerActionInvoker invoker, Task lastTask, State next, Scope scope, Object state, Boolean isCompleted)
   at Microsoft.AspNetCore.Mvc.Infrastructure.ControllerActionInvoker.Rethrow(ActionExecutedContextSealed context)
   at Microsoft.AspNetCore.Mvc.Infrastructure.ControllerActionInvoker.Next(State& next, Scope& scope, Object& state, Boolean& isCompleted)
   at Microsoft.AspNetCore.Mvc.Infrastructure.ControllerActionInvoker.InvokeInnerFilterAsync()
--- End of stack trace from previous location ---
   at Microsoft.AspNetCore.Mvc.Infrastructure.ResourceInvoker.<InvokeFilterPipelineAsync>g__Awaited|20_0(ResourceInvoker invoker, Task lastTask, State next, Scope scope, Object state, Boolean isCompleted)
   at Microsoft.AspNetCore.Mvc.Infrastructure.ResourceInvoker.<InvokeAsync>g__Logged|17_1(ResourceInvoker invoker)
   at Microsoft.AspNetCore.Mvc.Infrastructure.ResourceInvoker.<InvokeAsync>g__Logged|17_1(ResourceInvoker invoker)
   at Microsoft.AspNetCore.Routing.EndpointMiddleware.<Invoke>g__AwaitRequestTask|7_0(Endpoint endpoint, Task requestTask, ILogger logger)
   at Microsoft.AspNetCore.Authorization.AuthorizationMiddleware.Invoke(HttpContext context)
   at Microsoft.AspNetCore.Authentication.AuthenticationMiddleware.Invoke(HttpContext context)
   at Swashbuckle.AspNetCore.SwaggerUI.SwaggerUIMiddleware.Invoke(HttpContext httpContext)
   at Swashbuckle.AspNetCore.Swagger.SwaggerMiddleware.Invoke(HttpContext httpContext, ISwaggerProvider swaggerProvider)
   at Microsoft.AspNetCore.Diagnostics.DeveloperExceptionPageMiddlewareImpl.Invoke(HttpContext context)
2025-03-17 13:16:41.422 -06:00 [INF] Request finished HTTP/1.1 POST https://localhost:44353/api/Orders - 500 null text/plain; charset=utf-8 71472.3874ms
2025-03-17 13:17:49.572 -06:00 [INF] Executed DbCommand (42ms) [Parameters=[], CommandType='"Text"', CommandTimeout='30']
SELECT 1
2025-03-17 13:17:49.763 -06:00 [INF] Executed DbCommand (9ms) [Parameters=[], CommandType='"Text"', CommandTimeout='30']
SELECT 1
2025-03-17 13:17:49.798 -06:00 [INF] Executed DbCommand (28ms) [Parameters=[], CommandType='"Text"', CommandTimeout='30']
SELECT OBJECT_ID(N'[__EFMigrationsHistory]');
2025-03-17 13:17:49.861 -06:00 [INF] Executed DbCommand (11ms) [Parameters=[], CommandType='"Text"', CommandTimeout='30']
SELECT [MigrationId], [ProductVersion]
FROM [__EFMigrationsHistory]
ORDER BY [MigrationId];
2025-03-17 13:17:49.927 -06:00 [INF] User profile is available. Using 'C:\Users\rafael.raygoza\AppData\Local\ASP.NET\DataProtection-Keys' as key repository and Windows DPAPI to encrypt keys at rest.
2025-03-17 13:17:50.593 -06:00 [INF] Request starting HTTP/2 GET https://localhost:44353/swagger/index.html - null null
2025-03-17 13:17:50.816 -06:00 [INF] Application started. Press Ctrl+C to shut down.
2025-03-17 13:17:50.832 -06:00 [INF] Hosting environment: Development
2025-03-17 13:17:50.833 -06:00 [INF] Content root path: C:\Users\rafael.raygoza\source\repos\OrderManagementSystem\OrderService
2025-03-17 13:17:51.147 -06:00 [INF] Request finished HTTP/2 GET https://localhost:44353/swagger/index.html - 200 null text/html;charset=utf-8 589.0996ms
2025-03-17 13:17:51.168 -06:00 [INF] Request starting HTTP/2 GET https://localhost:44353/_framework/aspnetcore-browser-refresh.js - null null
2025-03-17 13:17:51.179 -06:00 [INF] Request finished HTTP/2 GET https://localhost:44353/_framework/aspnetcore-browser-refresh.js - 200 13760 application/javascript; charset=utf-8 7.0212ms
2025-03-17 13:17:51.187 -06:00 [INF] Request starting HTTP/2 GET https://localhost:44353/_vs/browserLink - null null
2025-03-17 13:17:53.286 -06:00 [INF] Request finished HTTP/2 GET https://localhost:44353/_vs/browserLink - 404 null null 2098.7848ms
2025-03-17 13:17:53.780 -06:00 [INF] Request starting HTTP/2 GET https://localhost:44353/swagger/v1/swagger.json - null null
2025-03-17 13:17:53.798 -06:00 [INF] Request finished HTTP/2 GET https://localhost:44353/swagger/v1/swagger.json - 200 null application/json;charset=utf-8 18.1082ms
2025-03-17 13:18:12.526 -06:00 [INF] Request starting HTTP/1.1 POST https://localhost:44353/api/Orders - application/json 60
2025-03-17 13:18:12.779 -06:00 [INF] Failed to validate the token.
Microsoft.IdentityModel.Tokens.SecurityTokenExpiredException: IDX10223: Lifetime validation failed. The token is expired. ValidTo (UTC): '3/17/2025 7:16:40 PM', Current time (UTC): '3/17/2025 7:18:12 PM'.
   at Microsoft.IdentityModel.Tokens.Validators.ValidateLifetime(Nullable`1 notBefore, Nullable`1 expires, SecurityToken securityToken, TokenValidationParameters validationParameters)
   at Microsoft.IdentityModel.JsonWebTokens.JsonWebTokenHandler.ValidateTokenPayloadAsync(JsonWebToken jsonWebToken, TokenValidationParameters validationParameters, BaseConfiguration configuration)
   at Microsoft.IdentityModel.JsonWebTokens.JsonWebTokenHandler.ValidateJWSAsync(JsonWebToken jsonWebToken, TokenValidationParameters validationParameters, BaseConfiguration configuration)
2025-03-17 13:18:12.800 -06:00 [INF] Bearer was not authenticated. Failure message: IDX10223: Lifetime validation failed. The token is expired. ValidTo (UTC): '3/17/2025 7:16:40 PM', Current time (UTC): '3/17/2025 7:18:12 PM'.
2025-03-17 13:18:12.807 -06:00 [INF] Authorization failed. These requirements were not met:
DenyAnonymousAuthorizationRequirement: Requires an authenticated user.
2025-03-17 13:18:12.817 -06:00 [INF] AuthenticationScheme: Bearer was challenged.
2025-03-17 13:18:12.819 -06:00 [INF] Request finished HTTP/1.1 POST https://localhost:44353/api/Orders - 401 null null 293.228ms
2025-03-17 13:18:36.708 -06:00 [INF] Request starting HTTP/1.1 POST https://localhost:44353/api/Orders - application/json 60
2025-03-17 13:18:36.728 -06:00 [INF] Failed to validate the token.
Microsoft.IdentityModel.Tokens.SecurityTokenExpiredException: IDX10223: Lifetime validation failed. The token is expired. ValidTo (UTC): '3/17/2025 7:16:40 PM', Current time (UTC): '3/17/2025 7:18:36 PM'.
   at Microsoft.IdentityModel.Tokens.Validators.ValidateLifetime(Nullable`1 notBefore, Nullable`1 expires, SecurityToken securityToken, TokenValidationParameters validationParameters)
   at Microsoft.IdentityModel.JsonWebTokens.JsonWebTokenHandler.ValidateTokenPayloadAsync(JsonWebToken jsonWebToken, TokenValidationParameters validationParameters, BaseConfiguration configuration)
   at Microsoft.IdentityModel.JsonWebTokens.JsonWebTokenHandler.ValidateJWSAsync(JsonWebToken jsonWebToken, TokenValidationParameters validationParameters, BaseConfiguration configuration)
2025-03-17 13:18:36.729 -06:00 [INF] Bearer was not authenticated. Failure message: IDX10223: Lifetime validation failed. The token is expired. ValidTo (UTC): '3/17/2025 7:16:40 PM', Current time (UTC): '3/17/2025 7:18:36 PM'.
2025-03-17 13:18:36.730 -06:00 [INF] Authorization failed. These requirements were not met:
DenyAnonymousAuthorizationRequirement: Requires an authenticated user.
2025-03-17 13:18:36.731 -06:00 [INF] AuthenticationScheme: Bearer was challenged.
2025-03-17 13:18:36.735 -06:00 [INF] Request finished HTTP/1.1 POST https://localhost:44353/api/Orders - 401 null null 28.9951ms
2025-03-17 13:19:23.269 -06:00 [INF] Request starting HTTP/1.1 POST https://localhost:44353/api/Orders - application/json 60
2025-03-17 13:19:23.295 -06:00 [INF] Executing endpoint 'OrderService.Controllers.OrdersController.CreateOrderAsync (OrderService)'
2025-03-17 13:19:23.361 -06:00 [INF] Route matched with {action = "CreateOrder", controller = "Orders"}. Executing controller action with signature System.Threading.Tasks.Task`1[Microsoft.AspNetCore.Mvc.IActionResult] CreateOrderAsync(Shared.DTOs.CreateOrderDto) on controller OrderService.Controllers.OrdersController (OrderService).
2025-03-17 13:19:29.273 -06:00 [ERR] Error creating RabbitMQ connection
RabbitMQ.Client.Exceptions.BrokerUnreachableException: None of the specified endpoints were reachable
 ---> System.AggregateException: One or more errors occurred. (Connection failed)
 ---> RabbitMQ.Client.Exceptions.ConnectFailureException: Connection failed
 ---> System.Net.Sockets.SocketException (11001): No such host is known.
   at System.Net.NameResolutionPal.ProcessResult(SocketError errorCode, GetAddrInfoExContext* context)
   at System.Net.NameResolutionPal.GetAddressInfoExCallback(Int32 error, Int32 bytes, NativeOverlapped* overlapped)
--- End of stack trace from previous location ---
   at System.Net.Dns.<GetAddrInfoWithTelemetryAsync>g__CompleteAsync|34_0[T](Task task, String hostName, Int64 startingTimestamp)
   at RabbitMQ.Client.TcpClientAdapter.ConnectAsync(String host, Int32 port)
   at RabbitMQ.Client.Impl.TaskExtensions.TimeoutAfter(Task task, TimeSpan timeout)
   at RabbitMQ.Client.Impl.SocketFrameHandler.ConnectOrFail(ITcpClient socket, AmqpTcpEndpoint endpoint, TimeSpan timeout)
   --- End of inner exception stack trace ---
   at RabbitMQ.Client.Impl.SocketFrameHandler.ConnectOrFail(ITcpClient socket, AmqpTcpEndpoint endpoint, TimeSpan timeout)
   at RabbitMQ.Client.Impl.SocketFrameHandler.ConnectUsingAddressFamily(AmqpTcpEndpoint endpoint, Func`2 socketFactory, TimeSpan timeout, AddressFamily family)
   at RabbitMQ.Client.Impl.SocketFrameHandler.ConnectUsingIPv4(AmqpTcpEndpoint endpoint, Func`2 socketFactory, TimeSpan timeout)
   at RabbitMQ.Client.Impl.SocketFrameHandler..ctor(AmqpTcpEndpoint endpoint, Func`2 socketFactory, TimeSpan connectionTimeout, TimeSpan readTimeout, TimeSpan writeTimeout)
   at RabbitMQ.Client.Framing.Impl.IProtocolExtensions.CreateFrameHandler(IProtocol protocol, AmqpTcpEndpoint endpoint, ArrayPool`1 pool, Func`2 socketFactory, TimeSpan connectionTimeout, TimeSpan readTimeout, TimeSpan writeTimeout)
   at RabbitMQ.Client.ConnectionFactory.CreateFrameHandler(AmqpTcpEndpoint endpoint)
   at RabbitMQ.Client.EndpointResolverExtensions.SelectOne[T](IEndpointResolver resolver, Func`2 selector)
   --- End of inner exception stack trace ---
   at RabbitMQ.Client.EndpointResolverExtensions.SelectOne[T](IEndpointResolver resolver, Func`2 selector)
   at RabbitMQ.Client.Framing.Impl.AutorecoveringConnection.Init(IEndpointResolver endpoints)
   at RabbitMQ.Client.ConnectionFactory.CreateConnection(IEndpointResolver endpointResolver, String clientProvidedName)
   --- End of inner exception stack trace ---
   at RabbitMQ.Client.ConnectionFactory.CreateConnection(IEndpointResolver endpointResolver, String clientProvidedName)
   at RabbitMQ.Client.ConnectionFactory.CreateConnection(String clientProvidedName)
   at RabbitMQ.Client.ConnectionFactory.CreateConnection()
   at OrderService.Messaging.RabbitMQProducer..ctor(IConfiguration configuration, ILogger`1 logger) in C:\Users\rafael.raygoza\source\repos\OrderManagementSystem\OrderService\Messaging\RabbitMQProducer.cs:line 25
2025-03-17 13:19:34.616 -06:00 [INF] Creating order for customer 1, product 1 and for this quantity 2
2025-03-17 13:21:18.051 -06:00 [INF] Executed DbCommand (33ms) [Parameters=[], CommandType='"Text"', CommandTimeout='30']
SELECT 1
2025-03-17 13:21:18.156 -06:00 [INF] Executed DbCommand (3ms) [Parameters=[], CommandType='"Text"', CommandTimeout='30']
SELECT 1
2025-03-17 13:21:18.182 -06:00 [INF] Executed DbCommand (20ms) [Parameters=[], CommandType='"Text"', CommandTimeout='30']
SELECT OBJECT_ID(N'[__EFMigrationsHistory]');
2025-03-17 13:21:18.221 -06:00 [INF] Executed DbCommand (6ms) [Parameters=[], CommandType='"Text"', CommandTimeout='30']
SELECT [MigrationId], [ProductVersion]
FROM [__EFMigrationsHistory]
ORDER BY [MigrationId];
2025-03-17 13:21:18.267 -06:00 [INF] User profile is available. Using 'C:\Users\rafael.raygoza\AppData\Local\ASP.NET\DataProtection-Keys' as key repository and Windows DPAPI to encrypt keys at rest.
2025-03-17 13:21:18.518 -06:00 [INF] Request starting HTTP/2 GET https://localhost:44353/swagger/index.html - null null
2025-03-17 13:21:18.877 -06:00 [INF] Application started. Press Ctrl+C to shut down.
2025-03-17 13:21:18.878 -06:00 [INF] Hosting environment: Development
2025-03-17 13:21:18.879 -06:00 [INF] Content root path: C:\Users\rafael.raygoza\source\repos\OrderManagementSystem\OrderService
2025-03-17 13:21:18.962 -06:00 [INF] Request finished HTTP/2 GET https://localhost:44353/swagger/index.html - 200 null text/html;charset=utf-8 462.0498ms
2025-03-17 13:21:18.968 -06:00 [INF] Request starting HTTP/2 GET https://localhost:44353/_framework/aspnetcore-browser-refresh.js - null null
2025-03-17 13:21:18.977 -06:00 [INF] Request finished HTTP/2 GET https://localhost:44353/_framework/aspnetcore-browser-refresh.js - 200 13760 application/javascript; charset=utf-8 7.3489ms
2025-03-17 13:21:18.996 -06:00 [INF] Request starting HTTP/2 GET https://localhost:44353/_vs/browserLink - null null
2025-03-17 13:21:21.098 -06:00 [INF] Request finished HTTP/2 GET https://localhost:44353/_vs/browserLink - 404 null null 2102.0776ms
2025-03-17 13:21:21.179 -06:00 [INF] Request starting HTTP/2 GET https://localhost:44353/swagger/v1/swagger.json - null null
2025-03-17 13:21:21.198 -06:00 [INF] Request finished HTTP/2 GET https://localhost:44353/swagger/v1/swagger.json - 200 null application/json;charset=utf-8 18.724ms
2025-03-17 13:21:24.064 -06:00 [INF] Request starting HTTP/1.1 POST https://localhost:44353/api/Orders - application/json 60
2025-03-17 13:21:24.296 -06:00 [INF] Executing endpoint 'OrderService.Controllers.OrdersController.CreateOrderAsync (OrderService)'
2025-03-17 13:21:24.338 -06:00 [INF] Route matched with {action = "CreateOrder", controller = "Orders"}. Executing controller action with signature System.Threading.Tasks.Task`1[Microsoft.AspNetCore.Mvc.IActionResult] CreateOrderAsync(Shared.DTOs.CreateOrderDto) on controller OrderService.Controllers.OrdersController (OrderService).
2025-03-17 13:21:24.744 -06:00 [ERR] Error creating RabbitMQ connection
RabbitMQ.Client.Exceptions.BrokerUnreachableException: None of the specified endpoints were reachable
 ---> System.AggregateException: One or more errors occurred. (Connection failed)
 ---> RabbitMQ.Client.Exceptions.ConnectFailureException: Connection failed
 ---> System.Net.Sockets.SocketException (11001): No such host is known.
   at System.Net.NameResolutionPal.ProcessResult(SocketError errorCode, GetAddrInfoExContext* context)
   at System.Net.NameResolutionPal.GetAddressInfoExCallback(Int32 error, Int32 bytes, NativeOverlapped* overlapped)
--- End of stack trace from previous location ---
   at System.Net.Dns.<GetAddrInfoWithTelemetryAsync>g__CompleteAsync|34_0[T](Task task, String hostName, Int64 startingTimestamp)
   at RabbitMQ.Client.TcpClientAdapter.ConnectAsync(String host, Int32 port)
   at RabbitMQ.Client.Impl.TaskExtensions.TimeoutAfter(Task task, TimeSpan timeout)
   at RabbitMQ.Client.Impl.SocketFrameHandler.ConnectOrFail(ITcpClient socket, AmqpTcpEndpoint endpoint, TimeSpan timeout)
   --- End of inner exception stack trace ---
   at RabbitMQ.Client.Impl.SocketFrameHandler.ConnectOrFail(ITcpClient socket, AmqpTcpEndpoint endpoint, TimeSpan timeout)
   at RabbitMQ.Client.Impl.SocketFrameHandler.ConnectUsingAddressFamily(AmqpTcpEndpoint endpoint, Func`2 socketFactory, TimeSpan timeout, AddressFamily family)
   at RabbitMQ.Client.Impl.SocketFrameHandler.ConnectUsingIPv4(AmqpTcpEndpoint endpoint, Func`2 socketFactory, TimeSpan timeout)
   at RabbitMQ.Client.Impl.SocketFrameHandler..ctor(AmqpTcpEndpoint endpoint, Func`2 socketFactory, TimeSpan connectionTimeout, TimeSpan readTimeout, TimeSpan writeTimeout)
   at RabbitMQ.Client.Framing.Impl.IProtocolExtensions.CreateFrameHandler(IProtocol protocol, AmqpTcpEndpoint endpoint, ArrayPool`1 pool, Func`2 socketFactory, TimeSpan connectionTimeout, TimeSpan readTimeout, TimeSpan writeTimeout)
   at RabbitMQ.Client.ConnectionFactory.CreateFrameHandler(AmqpTcpEndpoint endpoint)
   at RabbitMQ.Client.EndpointResolverExtensions.SelectOne[T](IEndpointResolver resolver, Func`2 selector)
   --- End of inner exception stack trace ---
   at RabbitMQ.Client.EndpointResolverExtensions.SelectOne[T](IEndpointResolver resolver, Func`2 selector)
   at RabbitMQ.Client.Framing.Impl.AutorecoveringConnection.Init(IEndpointResolver endpoints)
   at RabbitMQ.Client.ConnectionFactory.CreateConnection(IEndpointResolver endpointResolver, String clientProvidedName)
   --- End of inner exception stack trace ---
   at RabbitMQ.Client.ConnectionFactory.CreateConnection(IEndpointResolver endpointResolver, String clientProvidedName)
   at RabbitMQ.Client.ConnectionFactory.CreateConnection(String clientProvidedName)
   at RabbitMQ.Client.ConnectionFactory.CreateConnection()
   at OrderService.Messaging.RabbitMQProducer..ctor(IConfiguration configuration, ILogger`1 logger) in C:\Users\rafael.raygoza\source\repos\OrderManagementSystem\OrderService\Messaging\RabbitMQProducer.cs:line 25
2025-03-17 13:21:31.585 -06:00 [INF] Creating order for customer 1, product 1 and for this quantity 2
2025-03-17 13:21:46.395 -06:00 [ERR] Error publishing message to RabbitMQ
System.NullReferenceException: Object reference not set to an instance of an object.
   at OrderService.Messaging.RabbitMQProducer.PublishMessage[T](String queueName, String message) in C:\Users\rafael.raygoza\source\repos\OrderManagementSystem\OrderService\Messaging\RabbitMQProducer.cs:line 42
2025-03-17 13:21:47.678 -06:00 [INF] Executed action OrderService.Controllers.OrdersController.CreateOrderAsync (OrderService) in 23333.5441ms
2025-03-17 13:21:47.686 -06:00 [INF] Executed endpoint 'OrderService.Controllers.OrdersController.CreateOrderAsync (OrderService)'
2025-03-17 13:21:47.696 -06:00 [ERR] An unhandled exception has occurred while executing the request.
System.NullReferenceException: Object reference not set to an instance of an object.
   at OrderService.Messaging.RabbitMQProducer.PublishMessage[T](String queueName, String message) in C:\Users\rafael.raygoza\source\repos\OrderManagementSystem\OrderService\Messaging\RabbitMQProducer.cs:line 42
   at OrderService.Controllers.OrdersController.CreateOrderAsync(CreateOrderDto orderDto) in C:\Users\rafael.raygoza\source\repos\OrderManagementSystem\OrderService\Controllers\OrdersController.cs:line 64
   at Microsoft.AspNetCore.Mvc.Infrastructure.ActionMethodExecutor.TaskOfIActionResultExecutor.Execute(ActionContext actionContext, IActionResultTypeMapper mapper, ObjectMethodExecutor executor, Object controller, Object[] arguments)
   at Microsoft.AspNetCore.Mvc.Infrastructure.ControllerActionInvoker.<InvokeActionMethodAsync>g__Awaited|12_0(ControllerActionInvoker invoker, ValueTask`1 actionResultValueTask)
   at Microsoft.AspNetCore.Mvc.Infrastructure.ControllerActionInvoker.<InvokeNextActionFilterAsync>g__Awaited|10_0(ControllerActionInvoker invoker, Task lastTask, State next, Scope scope, Object state, Boolean isCompleted)
   at Microsoft.AspNetCore.Mvc.Infrastructure.ControllerActionInvoker.Rethrow(ActionExecutedContextSealed context)
   at Microsoft.AspNetCore.Mvc.Infrastructure.ControllerActionInvoker.Next(State& next, Scope& scope, Object& state, Boolean& isCompleted)
   at Microsoft.AspNetCore.Mvc.Infrastructure.ControllerActionInvoker.InvokeInnerFilterAsync()
--- End of stack trace from previous location ---
   at Microsoft.AspNetCore.Mvc.Infrastructure.ResourceInvoker.<InvokeFilterPipelineAsync>g__Awaited|20_0(ResourceInvoker invoker, Task lastTask, State next, Scope scope, Object state, Boolean isCompleted)
   at Microsoft.AspNetCore.Mvc.Infrastructure.ResourceInvoker.<InvokeAsync>g__Logged|17_1(ResourceInvoker invoker)
   at Microsoft.AspNetCore.Mvc.Infrastructure.ResourceInvoker.<InvokeAsync>g__Logged|17_1(ResourceInvoker invoker)
   at Microsoft.AspNetCore.Routing.EndpointMiddleware.<Invoke>g__AwaitRequestTask|7_0(Endpoint endpoint, Task requestTask, ILogger logger)
   at Microsoft.AspNetCore.Authorization.AuthorizationMiddleware.Invoke(HttpContext context)
   at Microsoft.AspNetCore.Authentication.AuthenticationMiddleware.Invoke(HttpContext context)
   at Swashbuckle.AspNetCore.SwaggerUI.SwaggerUIMiddleware.Invoke(HttpContext httpContext)
   at Swashbuckle.AspNetCore.Swagger.SwaggerMiddleware.Invoke(HttpContext httpContext, ISwaggerProvider swaggerProvider)
   at Microsoft.AspNetCore.Diagnostics.DeveloperExceptionPageMiddlewareImpl.Invoke(HttpContext context)
2025-03-17 13:21:47.713 -06:00 [INF] Request finished HTTP/1.1 POST https://localhost:44353/api/Orders - 500 null text/plain; charset=utf-8 23648.5783ms
2025-03-17 13:21:50.447 -06:00 [INF] Request starting HTTP/1.1 POST https://localhost:44353/api/Orders - application/json 60
2025-03-17 13:21:50.454 -06:00 [INF] Executing endpoint 'OrderService.Controllers.OrdersController.CreateOrderAsync (OrderService)'
2025-03-17 13:21:50.454 -06:00 [INF] Route matched with {action = "CreateOrder", controller = "Orders"}. Executing controller action with signature System.Threading.Tasks.Task`1[Microsoft.AspNetCore.Mvc.IActionResult] CreateOrderAsync(Shared.DTOs.CreateOrderDto) on controller OrderService.Controllers.OrdersController (OrderService).
2025-03-17 13:21:50.467 -06:00 [INF] Creating order for customer 1, product 1 and for this quantity 2
2025-03-17 13:21:53.006 -06:00 [ERR] Error publishing message to RabbitMQ
System.NullReferenceException: Object reference not set to an instance of an object.
   at OrderService.Messaging.RabbitMQProducer.PublishMessage[T](String queueName, String message) in C:\Users\rafael.raygoza\source\repos\OrderManagementSystem\OrderService\Messaging\RabbitMQProducer.cs:line 42
2025-03-17 13:21:53.984 -06:00 [INF] Executed action OrderService.Controllers.OrdersController.CreateOrderAsync (OrderService) in 3528.99ms
2025-03-17 13:21:53.985 -06:00 [INF] Executed endpoint 'OrderService.Controllers.OrdersController.CreateOrderAsync (OrderService)'
2025-03-17 13:21:53.986 -06:00 [ERR] An unhandled exception has occurred while executing the request.
System.NullReferenceException: Object reference not set to an instance of an object.
   at OrderService.Messaging.RabbitMQProducer.PublishMessage[T](String queueName, String message) in C:\Users\rafael.raygoza\source\repos\OrderManagementSystem\OrderService\Messaging\RabbitMQProducer.cs:line 42
   at OrderService.Controllers.OrdersController.CreateOrderAsync(CreateOrderDto orderDto) in C:\Users\rafael.raygoza\source\repos\OrderManagementSystem\OrderService\Controllers\OrdersController.cs:line 64
   at Microsoft.AspNetCore.Mvc.Infrastructure.ActionMethodExecutor.TaskOfIActionResultExecutor.Execute(ActionContext actionContext, IActionResultTypeMapper mapper, ObjectMethodExecutor executor, Object controller, Object[] arguments)
   at Microsoft.AspNetCore.Mvc.Infrastructure.ControllerActionInvoker.<InvokeActionMethodAsync>g__Awaited|12_0(ControllerActionInvoker invoker, ValueTask`1 actionResultValueTask)
   at Microsoft.AspNetCore.Mvc.Infrastructure.ControllerActionInvoker.<InvokeNextActionFilterAsync>g__Awaited|10_0(ControllerActionInvoker invoker, Task lastTask, State next, Scope scope, Object state, Boolean isCompleted)
   at Microsoft.AspNetCore.Mvc.Infrastructure.ControllerActionInvoker.Rethrow(ActionExecutedContextSealed context)
   at Microsoft.AspNetCore.Mvc.Infrastructure.ControllerActionInvoker.Next(State& next, Scope& scope, Object& state, Boolean& isCompleted)
   at Microsoft.AspNetCore.Mvc.Infrastructure.ControllerActionInvoker.InvokeInnerFilterAsync()
--- End of stack trace from previous location ---
   at Microsoft.AspNetCore.Mvc.Infrastructure.ResourceInvoker.<InvokeFilterPipelineAsync>g__Awaited|20_0(ResourceInvoker invoker, Task lastTask, State next, Scope scope, Object state, Boolean isCompleted)
   at Microsoft.AspNetCore.Mvc.Infrastructure.ResourceInvoker.<InvokeAsync>g__Logged|17_1(ResourceInvoker invoker)
   at Microsoft.AspNetCore.Mvc.Infrastructure.ResourceInvoker.<InvokeAsync>g__Logged|17_1(ResourceInvoker invoker)
   at Microsoft.AspNetCore.Routing.EndpointMiddleware.<Invoke>g__AwaitRequestTask|7_0(Endpoint endpoint, Task requestTask, ILogger logger)
   at Microsoft.AspNetCore.Authorization.AuthorizationMiddleware.Invoke(HttpContext context)
   at Microsoft.AspNetCore.Authentication.AuthenticationMiddleware.Invoke(HttpContext context)
   at Swashbuckle.AspNetCore.SwaggerUI.SwaggerUIMiddleware.Invoke(HttpContext httpContext)
   at Swashbuckle.AspNetCore.Swagger.SwaggerMiddleware.Invoke(HttpContext httpContext, ISwaggerProvider swaggerProvider)
   at Microsoft.AspNetCore.Diagnostics.DeveloperExceptionPageMiddlewareImpl.Invoke(HttpContext context)
2025-03-17 13:21:53.993 -06:00 [INF] Request finished HTTP/1.1 POST https://localhost:44353/api/Orders - 500 null text/plain; charset=utf-8 3545.8116ms
2025-03-17 13:22:09.381 -06:00 [INF] Executed DbCommand (26ms) [Parameters=[], CommandType='"Text"', CommandTimeout='30']
SELECT 1
2025-03-17 13:22:09.458 -06:00 [INF] Executed DbCommand (3ms) [Parameters=[], CommandType='"Text"', CommandTimeout='30']
SELECT 1
2025-03-17 13:22:09.477 -06:00 [INF] Executed DbCommand (15ms) [Parameters=[], CommandType='"Text"', CommandTimeout='30']
SELECT OBJECT_ID(N'[__EFMigrationsHistory]');
2025-03-17 13:22:09.506 -06:00 [INF] Executed DbCommand (3ms) [Parameters=[], CommandType='"Text"', CommandTimeout='30']
SELECT [MigrationId], [ProductVersion]
FROM [__EFMigrationsHistory]
ORDER BY [MigrationId];
2025-03-17 13:22:09.545 -06:00 [INF] User profile is available. Using 'C:\Users\rafael.raygoza\AppData\Local\ASP.NET\DataProtection-Keys' as key repository and Windows DPAPI to encrypt keys at rest.
2025-03-17 13:22:09.745 -06:00 [INF] Request starting HTTP/2 GET https://localhost:44353/swagger/index.html - null null
2025-03-17 13:22:10.044 -06:00 [INF] Application started. Press Ctrl+C to shut down.
2025-03-17 13:22:10.047 -06:00 [INF] Hosting environment: Development
2025-03-17 13:22:10.047 -06:00 [INF] Content root path: C:\Users\rafael.raygoza\source\repos\OrderManagementSystem\OrderService
2025-03-17 13:22:10.273 -06:00 [INF] Request finished HTTP/2 GET https://localhost:44353/swagger/index.html - 200 null text/html;charset=utf-8 536.8577ms
2025-03-17 13:22:10.304 -06:00 [INF] Request starting HTTP/2 GET https://localhost:44353/_framework/aspnetcore-browser-refresh.js - null null
2025-03-17 13:22:10.325 -06:00 [INF] Request finished HTTP/2 GET https://localhost:44353/_framework/aspnetcore-browser-refresh.js - 200 13760 application/javascript; charset=utf-8 6.3901ms
2025-03-17 13:22:10.331 -06:00 [INF] Request starting HTTP/2 GET https://localhost:44353/_vs/browserLink - null null
2025-03-17 13:22:12.394 -06:00 [INF] Request finished HTTP/2 GET https://localhost:44353/_vs/browserLink - 404 null null 2062.7239ms
2025-03-17 13:22:12.501 -06:00 [INF] Request starting HTTP/2 GET https://localhost:44353/swagger/v1/swagger.json - null null
2025-03-17 13:22:12.510 -06:00 [INF] Request finished HTTP/2 GET https://localhost:44353/swagger/v1/swagger.json - 200 null application/json;charset=utf-8 9.3555ms
2025-03-17 13:22:17.450 -06:00 [INF] Request starting HTTP/1.1 POST https://localhost:44353/api/Orders - application/json 60
2025-03-17 13:22:17.668 -06:00 [INF] Executing endpoint 'OrderService.Controllers.OrdersController.CreateOrderAsync (OrderService)'
2025-03-17 13:22:17.707 -06:00 [INF] Route matched with {action = "CreateOrder", controller = "Orders"}. Executing controller action with signature System.Threading.Tasks.Task`1[Microsoft.AspNetCore.Mvc.IActionResult] CreateOrderAsync(Shared.DTOs.CreateOrderDto) on controller OrderService.Controllers.OrdersController (OrderService).
2025-03-17 13:23:06.049 -06:00 [INF] Executed DbCommand (28ms) [Parameters=[], CommandType='"Text"', CommandTimeout='30']
SELECT 1
2025-03-17 13:23:06.147 -06:00 [INF] Executed DbCommand (3ms) [Parameters=[], CommandType='"Text"', CommandTimeout='30']
SELECT 1
2025-03-17 13:23:06.181 -06:00 [INF] Executed DbCommand (26ms) [Parameters=[], CommandType='"Text"', CommandTimeout='30']
SELECT OBJECT_ID(N'[__EFMigrationsHistory]');
2025-03-17 13:23:06.222 -06:00 [INF] Executed DbCommand (6ms) [Parameters=[], CommandType='"Text"', CommandTimeout='30']
SELECT [MigrationId], [ProductVersion]
FROM [__EFMigrationsHistory]
ORDER BY [MigrationId];
2025-03-17 13:23:06.278 -06:00 [INF] User profile is available. Using 'C:\Users\rafael.raygoza\AppData\Local\ASP.NET\DataProtection-Keys' as key repository and Windows DPAPI to encrypt keys at rest.
2025-03-17 13:23:06.529 -06:00 [INF] Request starting HTTP/2 GET https://localhost:44353/swagger/index.html - null null
2025-03-17 13:23:06.726 -06:00 [INF] Application started. Press Ctrl+C to shut down.
2025-03-17 13:23:06.727 -06:00 [INF] Hosting environment: Development
2025-03-17 13:23:06.727 -06:00 [INF] Content root path: C:\Users\rafael.raygoza\source\repos\OrderManagementSystem\OrderService
2025-03-17 13:23:07.010 -06:00 [INF] Request starting HTTP/2 GET https://localhost:44353/_framework/aspnetcore-browser-refresh.js - null null
2025-03-17 13:23:07.023 -06:00 [INF] Request starting HTTP/2 GET https://localhost:44353/_vs/browserLink - null null
2025-03-17 13:23:07.029 -06:00 [INF] Request finished HTTP/2 GET https://localhost:44353/_framework/aspnetcore-browser-refresh.js - 200 13760 application/javascript; charset=utf-8 18.2165ms
2025-03-17 13:23:07.017 -06:00 [INF] Request finished HTTP/2 GET https://localhost:44353/swagger/index.html - 200 null text/html;charset=utf-8 495.797ms
2025-03-17 13:23:09.125 -06:00 [INF] Request finished HTTP/2 GET https://localhost:44353/_vs/browserLink - 404 null null 2107.5637ms
2025-03-17 13:23:09.160 -06:00 [INF] Request starting HTTP/2 GET https://localhost:44353/swagger/v1/swagger.json - null null
2025-03-17 13:23:09.180 -06:00 [INF] Request finished HTTP/2 GET https://localhost:44353/swagger/v1/swagger.json - 200 null application/json;charset=utf-8 19.802ms
2025-03-17 13:23:23.751 -06:00 [INF] Request starting HTTP/1.1 POST https://localhost:44353/api/Orders - application/json 60
2025-03-17 13:23:24.007 -06:00 [INF] Executing endpoint 'OrderService.Controllers.OrdersController.CreateOrderAsync (OrderService)'
2025-03-17 13:23:24.056 -06:00 [INF] Route matched with {action = "CreateOrder", controller = "Orders"}. Executing controller action with signature System.Threading.Tasks.Task`1[Microsoft.AspNetCore.Mvc.IActionResult] CreateOrderAsync(Shared.DTOs.CreateOrderDto) on controller OrderService.Controllers.OrdersController (OrderService).
2025-03-17 19:44:00.403 -06:00 [INF] Executed DbCommand (97ms) [Parameters=[], CommandType='"Text"', CommandTimeout='30']
SELECT 1
2025-03-17 19:44:00.697 -06:00 [INF] Executed DbCommand (5ms) [Parameters=[], CommandType='"Text"', CommandTimeout='30']
SELECT 1
2025-03-17 19:44:00.736 -06:00 [INF] Executed DbCommand (32ms) [Parameters=[], CommandType='"Text"', CommandTimeout='30']
SELECT OBJECT_ID(N'[__EFMigrationsHistory]');
2025-03-17 19:44:00.841 -06:00 [INF] Executed DbCommand (50ms) [Parameters=[], CommandType='"Text"', CommandTimeout='30']
SELECT [MigrationId], [ProductVersion]
FROM [__EFMigrationsHistory]
ORDER BY [MigrationId];
2025-03-17 19:44:01.224 -06:00 [INF] RabbitMQResponseConsumer connecting to: HostName=rabbitmq, UserName=rabbituser, VirtualHost=/, Port=5672
2025-03-17 19:44:07.010 -06:00 [ERR] Error creating RabbitMQ connection for response consumer
RabbitMQ.Client.Exceptions.BrokerUnreachableException: None of the specified endpoints were reachable
 ---> System.AggregateException: One or more errors occurred. (Connection failed)
 ---> RabbitMQ.Client.Exceptions.ConnectFailureException: Connection failed
 ---> System.Net.Sockets.SocketException (11001): No such host is known.
   at System.Net.NameResolutionPal.ProcessResult(SocketError errorCode, GetAddrInfoExContext* context)
   at System.Net.NameResolutionPal.GetAddressInfoExCallback(Int32 error, Int32 bytes, NativeOverlapped* overlapped)
--- End of stack trace from previous location ---
   at System.Net.Dns.<GetAddrInfoWithTelemetryAsync>g__CompleteAsync|34_0[T](Task task, String hostName, Int64 startingTimestamp)
   at RabbitMQ.Client.TcpClientAdapter.ConnectAsync(String host, Int32 port)
   at RabbitMQ.Client.Impl.TaskExtensions.TimeoutAfter(Task task, TimeSpan timeout)
   at RabbitMQ.Client.Impl.SocketFrameHandler.ConnectOrFail(ITcpClient socket, AmqpTcpEndpoint endpoint, TimeSpan timeout)
   --- End of inner exception stack trace ---
   at RabbitMQ.Client.Impl.SocketFrameHandler.ConnectOrFail(ITcpClient socket, AmqpTcpEndpoint endpoint, TimeSpan timeout)
   at RabbitMQ.Client.Impl.SocketFrameHandler.ConnectUsingAddressFamily(AmqpTcpEndpoint endpoint, Func`2 socketFactory, TimeSpan timeout, AddressFamily family)
   at RabbitMQ.Client.Impl.SocketFrameHandler.ConnectUsingIPv4(AmqpTcpEndpoint endpoint, Func`2 socketFactory, TimeSpan timeout)
   at RabbitMQ.Client.Impl.SocketFrameHandler..ctor(AmqpTcpEndpoint endpoint, Func`2 socketFactory, TimeSpan connectionTimeout, TimeSpan readTimeout, TimeSpan writeTimeout)
   at RabbitMQ.Client.Framing.Impl.IProtocolExtensions.CreateFrameHandler(IProtocol protocol, AmqpTcpEndpoint endpoint, ArrayPool`1 pool, Func`2 socketFactory, TimeSpan connectionTimeout, TimeSpan readTimeout, TimeSpan writeTimeout)
   at RabbitMQ.Client.ConnectionFactory.CreateFrameHandler(AmqpTcpEndpoint endpoint)
   at RabbitMQ.Client.EndpointResolverExtensions.SelectOne[T](IEndpointResolver resolver, Func`2 selector)
   --- End of inner exception stack trace ---
   at RabbitMQ.Client.EndpointResolverExtensions.SelectOne[T](IEndpointResolver resolver, Func`2 selector)
   at RabbitMQ.Client.Framing.Impl.AutorecoveringConnection.Init(IEndpointResolver endpoints)
   at RabbitMQ.Client.ConnectionFactory.CreateConnection(IEndpointResolver endpointResolver, String clientProvidedName)
   --- End of inner exception stack trace ---
   at RabbitMQ.Client.ConnectionFactory.CreateConnection(IEndpointResolver endpointResolver, String clientProvidedName)
   at RabbitMQ.Client.ConnectionFactory.CreateConnection(String clientProvidedName)
   at RabbitMQ.Client.ConnectionFactory.CreateConnection()
   at OrderService.Messaging.RabbitMQResponseConsumer..ctor(IConfiguration configuration, ILogger`1 logger, IServiceProvider serviceProvider) in C:\Users\rafael.raygoza\source\repos\OrderManagementSystem\OrderService\Messaging\RabbitMQResponseConsumer.cs:line 52
2025-03-17 19:44:07.094 -06:00 [INF] User profile is available. Using 'C:\Users\rafael.raygoza\AppData\Local\ASP.NET\DataProtection-Keys' as key repository and Windows DPAPI to encrypt keys at rest.
